[0808/115041.685:ERROR:process_reader_win.cc(151)] SuspendThread: Access is denied. (0x5)
[0808/115041.695:ERROR:file_io_win.cc(161)] CreateFile C:\Users\Hp\AppData\Local\Temp\puppeteer_dev_chrome_profile-khts7o\Crashpad\settings.dat: The system cannot find the path specified. (0x3)
[0808/115041.695:ERROR:file_io_win.cc(170)] CreateFile C:\Users\Hp\AppData\Local\Temp\puppeteer_dev_chrome_profile-khts7o\Crashpad\reports\2283d48f-f1b5-4b9f-9ada-425be964e373.dmp: The system cannot find the path specified. (0x3)
[0808/115041.695:ERROR:crash_report_exception_handler.cc(97)] PrepareNewCrashReport failed
[0808/130612.201:ERROR:process_reader_win.cc(151)] SuspendThread: Access is denied. (0x5)
[0808/130612.208:ERROR:file_io_win.cc(161)] CreateFile C:\Users\Hp\AppData\Local\Temp\puppeteer_dev_chrome_profile-ml5f4s\Crashpad\settings.dat: The system cannot find the path specified. (0x3)
[0808/130612.208:ERROR:file_io_win.cc(170)] CreateFile C:\Users\Hp\AppData\Local\Temp\puppeteer_dev_chrome_profile-ml5f4s\Crashpad\reports\8374d5a8-6fa2-43ca-84ea-4b12251e07b3.dmp: The system cannot find the path specified. (0x3)
[0808/130612.208:ERROR:crash_report_exception_handler.cc(97)] PrepareNewCrashReport failed
[0808/132159.153:ERROR:file_io_win.cc(161)] CreateFile C:\Users\Hp\AppData\Local\Temp\puppeteer_dev_chrome_profile-nRBNDC\Crashpad\settings.dat: The system cannot find the path specified. (0x3)
[0808/132159.153:ERROR:file_io_win.cc(170)] CreateFile C:\Users\Hp\AppData\Local\Temp\puppeteer_dev_chrome_profile-nRBNDC\Crashpad\reports\5b4a65db-7e36-4900-a7af-92855e00a6fb.dmp: The system cannot find the path specified. (0x3)
[0808/132159.153:ERROR:crash_report_exception_handler.cc(97)] PrepareNewCrashReport failed
[0808/154107.739:ERROR:file_io_win.cc(161)] CreateFile C:\Users\Hp\AppData\Local\Temp\puppeteer_dev_chrome_profile-TnMGG5\Crashpad\settings.dat: The system cannot find the path specified. (0x3)
[0808/154107.739:ERROR:file_io_win.cc(170)] CreateFile C:\Users\Hp\AppData\Local\Temp\puppeteer_dev_chrome_profile-TnMGG5\Crashpad\reports\a8a1ab56-16be-4e82-b9d7-3dee20f79786.dmp: The system cannot find the path specified. (0x3)
[0808/154107.739:ERROR:crash_report_exception_handler.cc(97)] PrepareNewCrashReport failed
[0808/161253.598:ERROR:file_io_win.cc(161)] CreateFile C:\Users\Hp\AppData\Local\Temp\puppeteer_dev_chrome_profile-PA8fHX\Crashpad\settings.dat: The system cannot find the path specified. (0x3)
[0808/161253.598:ERROR:file_io_win.cc(170)] CreateFile C:\Users\Hp\AppData\Local\Temp\puppeteer_dev_chrome_profile-PA8fHX\Crashpad\reports\13885c2d-edb2-4bb3-b0f5-9cb34316327b.dmp: The system cannot find the path specified. (0x3)
[0808/161253.598:ERROR:crash_report_exception_handler.cc(97)] PrepareNewCrashReport failed
[0810/093226.168:ERROR:process_reader_win.cc(151)] SuspendThread: Access is denied. (0x5)
[0810/093226.178:ERROR:file_io_win.cc(161)] CreateFile C:\Users\Hp\AppData\Local\Temp\puppeteer_dev_chrome_profile-ibqrEV\Crashpad\settings.dat: The system cannot find the path specified. (0x3)
[0810/093226.178:ERROR:file_io_win.cc(170)] CreateFile C:\Users\Hp\AppData\Local\Temp\puppeteer_dev_chrome_profile-ibqrEV\Crashpad\reports\a94fa634-4ae1-46a9-a069-39d6bc510e2f.dmp: The system cannot find the path specified. (0x3)
[0810/093226.178:ERROR:crash_report_exception_handler.cc(97)] PrepareNewCrashReport failed
[0810/100852.006:ERROR:process_reader_win.cc(151)] SuspendThread: Access is denied. (0x5)
[0810/100852.014:ERROR:file_io_win.cc(161)] CreateFile C:\Users\Hp\AppData\Local\Temp\puppeteer_dev_chrome_profile-3WK47G\Crashpad\settings.dat: The system cannot find the path specified. (0x3)
[0810/100852.014:ERROR:file_io_win.cc(170)] CreateFile C:\Users\Hp\AppData\Local\Temp\puppeteer_dev_chrome_profile-3WK47G\Crashpad\reports\28f55cb7-49ed-4996-9609-fa9603cf3d4d.dmp: The system cannot find the path specified. (0x3)
[0810/100852.014:ERROR:crash_report_exception_handler.cc(97)] PrepareNewCrashReport failed
[0810/103522.223:ERROR:file_io_win.cc(161)] CreateFile C:\Users\Hp\AppData\Local\Temp\puppeteer_dev_chrome_profile-NUssq3\Crashpad\settings.dat: The system cannot find the path specified. (0x3)
[0810/103522.223:ERROR:file_io_win.cc(170)] CreateFile C:\Users\Hp\AppData\Local\Temp\puppeteer_dev_chrome_profile-NUssq3\Crashpad\reports\22476dba-f200-46c4-8dae-e0080c6f9218.dmp: The system cannot find the path specified. (0x3)
[0810/103522.223:ERROR:crash_report_exception_handler.cc(97)] PrepareNewCrashReport failed
[0810/104934.888:ERROR:process_reader_win.cc(151)] SuspendThread: Access is denied. (0x5)
[0810/104934.894:ERROR:file_io_win.cc(161)] CreateFile C:\Users\Hp\AppData\Local\Temp\puppeteer_dev_chrome_profile-26WmTS\Crashpad\settings.dat: The system cannot find the path specified. (0x3)
[0810/104934.894:ERROR:file_io_win.cc(170)] CreateFile C:\Users\Hp\AppData\Local\Temp\puppeteer_dev_chrome_profile-26WmTS\Crashpad\reports\8f5e383a-c6e1-4633-a637-abc06ae5a2d7.dmp: The system cannot find the path specified. (0x3)
[0810/104934.894:ERROR:crash_report_exception_handler.cc(97)] PrepareNewCrashReport failed
[0810/135334.781:ERROR:file_io_win.cc(161)] CreateFile C:\Users\Hp\AppData\Local\Temp\puppeteer_dev_chrome_profile-dkD2wz\Crashpad\settings.dat: The system cannot find the path specified. (0x3)
[0810/135334.781:ERROR:file_io_win.cc(170)] CreateFile C:\Users\Hp\AppData\Local\Temp\puppeteer_dev_chrome_profile-dkD2wz\Crashpad\reports\180efaf5-250c-44ae-803c-3f1a0fc8cdcb.dmp: The system cannot find the path specified. (0x3)
[0810/135334.781:ERROR:crash_report_exception_handler.cc(97)] PrepareNewCrashReport failed
[0810/143413.401:ERROR:file_io_win.cc(161)] CreateFile C:\Users\Hp\AppData\Local\Temp\puppeteer_dev_chrome_profile-gqCOZi\Crashpad\settings.dat: The system cannot find the path specified. (0x3)
[0810/143413.401:ERROR:file_io_win.cc(170)] CreateFile C:\Users\Hp\AppData\Local\Temp\puppeteer_dev_chrome_profile-gqCOZi\Crashpad\reports\f234b95b-699f-4f4a-9415-3495df10d3e1.dmp: The system cannot find the path specified. (0x3)
[0810/143413.402:ERROR:crash_report_exception_handler.cc(97)] PrepareNewCrashReport failed
[0810/154152.894:ERROR:process_reader_win.cc(151)] SuspendThread: Access is denied. (0x5)
[0810/154152.894:ERROR:process_reader_win.cc(151)] SuspendThread: Access is denied. (0x5)
[0810/154152.902:ERROR:file_io_win.cc(161)] CreateFile C:\Users\Hp\AppData\Local\Temp\puppeteer_dev_chrome_profile-3L6ihz\Crashpad\settings.dat: The system cannot find the path specified. (0x3)
[0810/154152.902:ERROR:file_io_win.cc(170)] CreateFile C:\Users\Hp\AppData\Local\Temp\puppeteer_dev_chrome_profile-3L6ihz\Crashpad\reports\5fafeb83-087f-4367-b4ea-53c864fb2afe.dmp: The system cannot find the path specified. (0x3)
[0810/154152.903:ERROR:crash_report_exception_handler.cc(97)] PrepareNewCrashReport failed
[0810/154152.903:ERROR:file_io_win.cc(161)] CreateFile C:\Users\Hp\AppData\Local\Temp\puppeteer_dev_chrome_profile-MtSho2\Crashpad\settings.dat: The system cannot find the path specified. (0x3)
[0810/154152.903:ERROR:file_io_win.cc(170)] CreateFile C:\Users\Hp\AppData\Local\Temp\puppeteer_dev_chrome_profile-MtSho2\Crashpad\reports\8565eb8a-1e20-432b-bf87-826575369cca.dmp: The system cannot find the path specified. (0x3)
[0810/154152.903:ERROR:crash_report_exception_handler.cc(97)] PrepareNewCrashReport failed
[0810/155048.741:ERROR:file_io_win.cc(161)] CreateFile C:\Users\Hp\AppData\Local\Temp\puppeteer_dev_chrome_profile-hsAHSs\Crashpad\settings.dat: The system cannot find the path specified. (0x3)
[0810/155048.742:ERROR:file_io_win.cc(170)] CreateFile C:\Users\Hp\AppData\Local\Temp\puppeteer_dev_chrome_profile-hsAHSs\Crashpad\reports\a07767cd-087f-458d-84bd-4c495dae1bb9.dmp: The system cannot find the path specified. (0x3)
[0810/155048.742:ERROR:crash_report_exception_handler.cc(97)] PrepareNewCrashReport failed
[0810/160440.691:ERROR:file_io_win.cc(161)] CreateFile C:\Users\Hp\AppData\Local\Temp\puppeteer_dev_chrome_profile-yvJfgl\Crashpad\settings.dat: The system cannot find the path specified. (0x3)
[0810/160440.692:ERROR:file_io_win.cc(170)] CreateFile C:\Users\Hp\AppData\Local\Temp\puppeteer_dev_chrome_profile-yvJfgl\Crashpad\reports\02b1a473-41a6-48a8-ab55-f051d17c3b35.dmp: The system cannot find the path specified. (0x3)
[0810/160440.692:ERROR:crash_report_exception_handler.cc(97)] PrepareNewCrashReport failed
[0810/160646.356:ERROR:file_io_win.cc(161)] CreateFile C:\Users\Hp\AppData\Local\Temp\puppeteer_dev_chrome_profile-Bh0IfL\Crashpad\settings.dat: The system cannot find the path specified. (0x3)
[0810/160646.361:ERROR:file_io_win.cc(170)] CreateFile C:\Users\Hp\AppData\Local\Temp\puppeteer_dev_chrome_profile-Bh0IfL\Crashpad\reports\20a6f394-d4ba-42dc-b488-83d7edefd5ba.dmp: The system cannot find the path specified. (0x3)
[0810/160646.361:ERROR:crash_report_exception_handler.cc(97)] PrepareNewCrashReport failed
[0811/102258.247:ERROR:file_io_win.cc(161)] CreateFile C:\Users\Hp\AppData\Local\Temp\puppeteer_dev_chrome_profile-YdaLVo\Crashpad\settings.dat: The system cannot find the path specified. (0x3)
[0811/102258.248:ERROR:file_io_win.cc(170)] CreateFile C:\Users\Hp\AppData\Local\Temp\puppeteer_dev_chrome_profile-YdaLVo\Crashpad\reports\c2c1c09a-42ba-43d0-8d5f-f2ecce6495b4.dmp: The system cannot find the path specified. (0x3)
[0811/102258.248:ERROR:crash_report_exception_handler.cc(97)] PrepareNewCrashReport failed
[0811/102646.518:ERROR:file_io_win.cc(161)] CreateFile C:\Users\Hp\AppData\Local\Temp\puppeteer_dev_chrome_profile-IUZAic\Crashpad\settings.dat: The system cannot find the path specified. (0x3)
[0811/102646.518:ERROR:file_io_win.cc(170)] CreateFile C:\Users\Hp\AppData\Local\Temp\puppeteer_dev_chrome_profile-IUZAic\Crashpad\reports\105ed119-d299-45bd-82dc-1f04cae21c71.dmp: The system cannot find the path specified. (0x3)
[0811/102646.518:ERROR:crash_report_exception_handler.cc(97)] PrepareNewCrashReport failed
[0811/105518.824:ERROR:file_io_win.cc(161)] CreateFile C:\Users\Hp\AppData\Local\Temp\puppeteer_dev_chrome_profile-xyMiu0\Crashpad\settings.dat: The system cannot find the path specified. (0x3)
[0811/105518.824:ERROR:file_io_win.cc(170)] CreateFile C:\Users\Hp\AppData\Local\Temp\puppeteer_dev_chrome_profile-xyMiu0\Crashpad\reports\2cf6cdd8-b7b9-4af4-9bbe-c507fd5d1efb.dmp: The system cannot find the path specified. (0x3)
[0811/105518.824:ERROR:crash_report_exception_handler.cc(97)] PrepareNewCrashReport failed
[0811/114600.601:ERROR:file_io_win.cc(161)] CreateFile C:\Users\Hp\AppData\Local\Temp\puppeteer_dev_chrome_profile-qkMcWg\Crashpad\settings.dat: The system cannot find the path specified. (0x3)
[0811/114600.601:ERROR:file_io_win.cc(170)] CreateFile C:\Users\Hp\AppData\Local\Temp\puppeteer_dev_chrome_profile-qkMcWg\Crashpad\reports\7e116da3-28c0-4afd-a092-4f5fb865c606.dmp: The system cannot find the path specified. (0x3)
[0811/114600.601:ERROR:crash_report_exception_handler.cc(97)] PrepareNewCrashReport failed
[0811/125335.354:ERROR:file_io_win.cc(161)] CreateFile C:\Users\Hp\AppData\Local\Temp\puppeteer_dev_chrome_profile-LIzgTi\Crashpad\settings.dat: The system cannot find the path specified. (0x3)
[0811/125335.362:ERROR:file_io_win.cc(170)] CreateFile C:\Users\Hp\AppData\Local\Temp\puppeteer_dev_chrome_profile-LIzgTi\Crashpad\reports\0c77854a-0438-44dd-9436-ac665a639c9d.dmp: The system cannot find the path specified. (0x3)
[0811/125335.362:ERROR:crash_report_exception_handler.cc(97)] PrepareNewCrashReport failed
[0811/125544.115:ERROR:process_reader_win.cc(151)] SuspendThread: Access is denied. (0x5)
[0811/125544.122:ERROR:file_io_win.cc(161)] CreateFile C:\Users\Hp\AppData\Local\Temp\puppeteer_dev_chrome_profile-SVwwFV\Crashpad\settings.dat: The system cannot find the path specified. (0x3)
[0811/125544.122:ERROR:file_io_win.cc(170)] CreateFile C:\Users\Hp\AppData\Local\Temp\puppeteer_dev_chrome_profile-SVwwFV\Crashpad\reports\53567071-3bac-4a72-8cb5-e61e99df124f.dmp: The system cannot find the path specified. (0x3)
[0811/125544.122:ERROR:crash_report_exception_handler.cc(97)] PrepareNewCrashReport failed
[0811/130123.925:ERROR:file_io_win.cc(161)] CreateFile C:\Users\Hp\AppData\Local\Temp\puppeteer_dev_chrome_profile-foy32C\Crashpad\settings.dat: The system cannot find the path specified. (0x3)
[0811/130123.925:ERROR:file_io_win.cc(170)] CreateFile C:\Users\Hp\AppData\Local\Temp\puppeteer_dev_chrome_profile-foy32C\Crashpad\reports\e3f91efa-85cc-4e22-935d-5c41592c1bfe.dmp: The system cannot find the path specified. (0x3)
[0811/130123.925:ERROR:crash_report_exception_handler.cc(97)] PrepareNewCrashReport failed
[0811/131415.167:ERROR:file_io_win.cc(161)] CreateFile C:\Users\Hp\AppData\Local\Temp\puppeteer_dev_chrome_profile-oDyRBP\Crashpad\settings.dat: The system cannot find the path specified. (0x3)
[0811/131415.167:ERROR:file_io_win.cc(170)] CreateFile C:\Users\Hp\AppData\Local\Temp\puppeteer_dev_chrome_profile-oDyRBP\Crashpad\reports\39ebf63b-52d0-4cbe-98b1-43aab1601324.dmp: The system cannot find the path specified. (0x3)
[0811/131415.167:ERROR:crash_report_exception_handler.cc(97)] PrepareNewCrashReport failed
[0811/132147.198:ERROR:file_io_win.cc(161)] CreateFile C:\Users\Hp\AppData\Local\Temp\puppeteer_dev_chrome_profile-mQk7bD\Crashpad\settings.dat: The system cannot find the path specified. (0x3)
[0811/132147.199:ERROR:file_io_win.cc(170)] CreateFile C:\Users\Hp\AppData\Local\Temp\puppeteer_dev_chrome_profile-mQk7bD\Crashpad\reports\764abad2-6650-4e4d-b648-d8657ab5307d.dmp: The system cannot find the path specified. (0x3)
[0811/132147.199:ERROR:crash_report_exception_handler.cc(97)] PrepareNewCrashReport failed
[0811/155843.320:ERROR:file_io_win.cc(161)] CreateFile C:\Users\Hp\AppData\Local\Temp\puppeteer_dev_chrome_profile-rnpFXZ\Crashpad\settings.dat: The system cannot find the path specified. (0x3)
[0811/155843.320:ERROR:file_io_win.cc(170)] CreateFile C:\Users\Hp\AppData\Local\Temp\puppeteer_dev_chrome_profile-rnpFXZ\Crashpad\reports\d1ca6982-aa95-4390-9de1-ebab1714fc8f.dmp: The system cannot find the path specified. (0x3)
[0811/155843.320:ERROR:crash_report_exception_handler.cc(97)] PrepareNewCrashReport failed
[0819/135408.237:ERROR:process_reader_win.cc(151)] SuspendThread: Access is denied. (0x5)
[0819/135408.249:ERROR:file_io_win.cc(161)] CreateFile C:\Users\Hp\AppData\Local\Temp\puppeteer_dev_chrome_profile-hOZck4\Crashpad\settings.dat: The system cannot find the path specified. (0x3)
[0819/135408.249:ERROR:file_io_win.cc(170)] CreateFile C:\Users\Hp\AppData\Local\Temp\puppeteer_dev_chrome_profile-hOZck4\Crashpad\reports\00a48089-8fd1-406d-b0fe-41d462846f0c.dmp: The system cannot find the path specified. (0x3)
[0819/135408.249:ERROR:crash_report_exception_handler.cc(97)] PrepareNewCrashReport failed
[0821/101153.356:ERROR:file_io_win.cc(161)] CreateFile C:\Users\Hp\AppData\Local\Temp\puppeteer_dev_chrome_profile-GmqIuo\Crashpad\settings.dat: The system cannot find the path specified. (0x3)
[0821/101153.357:ERROR:file_io_win.cc(170)] CreateFile C:\Users\Hp\AppData\Local\Temp\puppeteer_dev_chrome_profile-GmqIuo\Crashpad\reports\e2b37c86-f452-43a6-a85f-f61c9aa8b0dd.dmp: The system cannot find the path specified. (0x3)
[0821/101153.357:ERROR:crash_report_exception_handler.cc(97)] PrepareNewCrashReport failed
[0821/143021.550:ERROR:file_io_win.cc(161)] CreateFile C:\Users\Hp\AppData\Local\Temp\puppeteer_dev_chrome_profile-FDnCFZ\Crashpad\settings.dat: The system cannot find the path specified. (0x3)
[0821/143021.551:ERROR:file_io_win.cc(170)] CreateFile C:\Users\Hp\AppData\Local\Temp\puppeteer_dev_chrome_profile-FDnCFZ\Crashpad\reports\70eb36bd-d94e-4bd6-b419-08fef94e0c9f.dmp: The system cannot find the path specified. (0x3)
[0821/143021.551:ERROR:crash_report_exception_handler.cc(97)] PrepareNewCrashReport failed
[0822/142359.286:ERROR:process_reader_win.cc(151)] SuspendThread: Access is denied. (0x5)
[0822/142359.296:ERROR:file_io_win.cc(161)] CreateFile C:\Users\Hp\AppData\Local\Temp\puppeteer_dev_chrome_profile-rUPJr7\Crashpad\settings.dat: The system cannot find the path specified. (0x3)
[0822/142359.296:ERROR:file_io_win.cc(170)] CreateFile C:\Users\Hp\AppData\Local\Temp\puppeteer_dev_chrome_profile-rUPJr7\Crashpad\reports\61b928cf-2f90-4ad8-b122-4eef0e27f115.dmp: The system cannot find the path specified. (0x3)
[0822/142359.296:ERROR:crash_report_exception_handler.cc(97)] PrepareNewCrashReport failed
[0822/155232.984:ERROR:file_io_win.cc(161)] CreateFile C:\Users\Hp\AppData\Local\Temp\puppeteer_dev_chrome_profile-hI3hPP\Crashpad\settings.dat: The system cannot find the path specified. (0x3)
[0822/155232.985:ERROR:file_io_win.cc(170)] CreateFile C:\Users\Hp\AppData\Local\Temp\puppeteer_dev_chrome_profile-hI3hPP\Crashpad\reports\45e3e747-24ae-40c5-abdc-63ece532821b.dmp: The system cannot find the path specified. (0x3)
[0822/155232.985:ERROR:crash_report_exception_handler.cc(97)] PrepareNewCrashReport failed
[0824/104157.660:ERROR:file_io_win.cc(161)] CreateFile C:\Users\Hp\AppData\Local\Temp\puppeteer_dev_chrome_profile-YeFHFo\Crashpad\settings.dat: The system cannot find the path specified. (0x3)
[0824/104157.661:ERROR:file_io_win.cc(170)] CreateFile C:\Users\Hp\AppData\Local\Temp\puppeteer_dev_chrome_profile-YeFHFo\Crashpad\reports\8135a288-2036-4e8d-a846-b4fab1360039.dmp: The system cannot find the path specified. (0x3)
[0824/104157.661:ERROR:crash_report_exception_handler.cc(97)] PrepareNewCrashReport failed
[0824/105435.679:ERROR:file_io_win.cc(161)] CreateFile C:\Users\Hp\AppData\Local\Temp\puppeteer_dev_chrome_profile-kwlAKo\Crashpad\settings.dat: The system cannot find the path specified. (0x3)
[0824/105435.679:ERROR:file_io_win.cc(170)] CreateFile C:\Users\Hp\AppData\Local\Temp\puppeteer_dev_chrome_profile-kwlAKo\Crashpad\reports\3d97ccb7-5ceb-498c-ac21-e7ba7dce08c7.dmp: The system cannot find the path specified. (0x3)
[0824/105435.679:ERROR:crash_report_exception_handler.cc(97)] PrepareNewCrashReport failed
[0824/105841.614:ERROR:file_io_win.cc(161)] CreateFile C:\Users\Hp\AppData\Local\Temp\puppeteer_dev_chrome_profile-sY5Yow\Crashpad\settings.dat: The system cannot find the path specified. (0x3)
[0824/105841.614:ERROR:file_io_win.cc(170)] CreateFile C:\Users\Hp\AppData\Local\Temp\puppeteer_dev_chrome_profile-sY5Yow\Crashpad\reports\44499503-37ac-41c0-aa1e-53c3f4670fa7.dmp: The system cannot find the path specified. (0x3)
[0824/105841.614:ERROR:crash_report_exception_handler.cc(97)] PrepareNewCrashReport failed
[0824/110030.376:ERROR:process_reader_win.cc(151)] SuspendThread: Access is denied. (0x5)
[0824/110030.388:ERROR:file_io_win.cc(161)] CreateFile C:\Users\Hp\AppData\Local\Temp\puppeteer_dev_chrome_profile-LNst0G\Crashpad\settings.dat: The system cannot find the path specified. (0x3)
[0824/110030.388:ERROR:file_io_win.cc(170)] CreateFile C:\Users\Hp\AppData\Local\Temp\puppeteer_dev_chrome_profile-LNst0G\Crashpad\reports\b19f497d-7bc3-426d-ae35-72e9ae38908e.dmp: The system cannot find the path specified. (0x3)
[0824/110030.388:ERROR:crash_report_exception_handler.cc(97)] PrepareNewCrashReport failed
[0824/110356.590:ERROR:file_io_win.cc(161)] CreateFile C:\Users\Hp\AppData\Local\Temp\puppeteer_dev_chrome_profile-oXzik5\Crashpad\settings.dat: The system cannot find the path specified. (0x3)
[0824/110356.590:ERROR:file_io_win.cc(170)] CreateFile C:\Users\Hp\AppData\Local\Temp\puppeteer_dev_chrome_profile-oXzik5\Crashpad\reports\4b51710b-8f26-4991-8595-73817cc147a0.dmp: The system cannot find the path specified. (0x3)
[0824/110356.590:ERROR:crash_report_exception_handler.cc(97)] PrepareNewCrashReport failed
[0824/131327.709:ERROR:file_io_win.cc(161)] CreateFile C:\Users\Hp\AppData\Local\Temp\puppeteer_dev_chrome_profile-8QCDXz\Crashpad\settings.dat: The system cannot find the path specified. (0x3)
[0824/131327.711:ERROR:file_io_win.cc(170)] CreateFile C:\Users\Hp\AppData\Local\Temp\puppeteer_dev_chrome_profile-8QCDXz\Crashpad\reports\70edb606-78ab-461a-85ca-6ac907b386a0.dmp: The system cannot find the path specified. (0x3)
[0824/131327.711:ERROR:crash_report_exception_handler.cc(97)] PrepareNewCrashReport failed
[0824/133215.121:ERROR:process_reader_win.cc(151)] SuspendThread: Access is denied. (0x5)
[0824/133215.128:ERROR:file_io_win.cc(161)] CreateFile C:\Users\Hp\AppData\Local\Temp\puppeteer_dev_chrome_profile-2REdqy\Crashpad\settings.dat: The system cannot find the path specified. (0x3)
[0824/133215.129:ERROR:file_io_win.cc(170)] CreateFile C:\Users\Hp\AppData\Local\Temp\puppeteer_dev_chrome_profile-2REdqy\Crashpad\reports\f0d31e6e-56bf-4e96-8e49-58671d4aecff.dmp: The system cannot find the path specified. (0x3)
[0824/133215.129:ERROR:crash_report_exception_handler.cc(97)] PrepareNewCrashReport failed
[0824/164259.621:ERROR:file_io_win.cc(161)] CreateFile C:\Users\Hp\AppData\Local\Temp\puppeteer_dev_chrome_profile-6UI2gO\Crashpad\settings.dat: The system cannot find the path specified. (0x3)
[0824/164259.621:ERROR:file_io_win.cc(170)] CreateFile C:\Users\Hp\AppData\Local\Temp\puppeteer_dev_chrome_profile-6UI2gO\Crashpad\reports\dc03bc60-2b78-439e-b6f4-82c8db15ecfb.dmp: The system cannot find the path specified. (0x3)
[0824/164259.621:ERROR:crash_report_exception_handler.cc(97)] PrepareNewCrashReport failed
[0825/105150.037:ERROR:file_io_win.cc(161)] CreateFile C:\Users\Hp\AppData\Local\Temp\puppeteer_dev_chrome_profile-JXmvi1\Crashpad\settings.dat: The system cannot find the path specified. (0x3)
[0825/105150.038:ERROR:file_io_win.cc(170)] CreateFile C:\Users\Hp\AppData\Local\Temp\puppeteer_dev_chrome_profile-JXmvi1\Crashpad\reports\13379a7c-2e98-4ae1-919c-17de9411d44b.dmp: The system cannot find the path specified. (0x3)
[0825/105150.038:ERROR:crash_report_exception_handler.cc(97)] PrepareNewCrashReport failed
[0825/110002.765:ERROR:file_io_win.cc(161)] CreateFile C:\Users\Hp\AppData\Local\Temp\puppeteer_dev_chrome_profile-lEGAJg\Crashpad\settings.dat: The system cannot find the path specified. (0x3)
[0825/110002.766:ERROR:file_io_win.cc(170)] CreateFile C:\Users\Hp\AppData\Local\Temp\puppeteer_dev_chrome_profile-lEGAJg\Crashpad\reports\5b82e69b-1ebf-4582-a785-12943401a7ad.dmp: The system cannot find the path specified. (0x3)
[0825/110002.766:ERROR:crash_report_exception_handler.cc(97)] PrepareNewCrashReport failed
[0825/134103.535:ERROR:process_reader_win.cc(151)] SuspendThread: Access is denied. (0x5)
[0825/134103.543:ERROR:file_io_win.cc(161)] CreateFile C:\Users\Hp\AppData\Local\Temp\puppeteer_dev_chrome_profile-1zg4W7\Crashpad\settings.dat: The system cannot find the path specified. (0x3)
[0825/134103.543:ERROR:file_io_win.cc(170)] CreateFile C:\Users\Hp\AppData\Local\Temp\puppeteer_dev_chrome_profile-1zg4W7\Crashpad\reports\64e980f5-6012-4d67-9ab0-239d66422ebe.dmp: The system cannot find the path specified. (0x3)
[0825/134103.543:ERROR:crash_report_exception_handler.cc(97)] PrepareNewCrashReport failed
[0827/085255.641:ERROR:file_io_win.cc(161)] CreateFile C:\Users\Hp\AppData\Local\Temp\puppeteer_dev_chrome_profile-43Qry7\Crashpad\settings.dat: The system cannot find the path specified. (0x3)
[0827/085255.641:ERROR:file_io_win.cc(170)] CreateFile C:\Users\Hp\AppData\Local\Temp\puppeteer_dev_chrome_profile-43Qry7\Crashpad\reports\f7105591-8b44-4439-a54c-388aeb40f62d.dmp: The system cannot find the path specified. (0x3)
[0827/085255.641:ERROR:crash_report_exception_handler.cc(97)] PrepareNewCrashReport failed
[0827/085621.273:ERROR:file_io_win.cc(161)] CreateFile C:\Users\Hp\AppData\Local\Temp\puppeteer_dev_chrome_profile-7RUxIN\Crashpad\settings.dat: The system cannot find the path specified. (0x3)
[0827/085621.273:ERROR:file_io_win.cc(170)] CreateFile C:\Users\Hp\AppData\Local\Temp\puppeteer_dev_chrome_profile-7RUxIN\Crashpad\reports\6063b231-3d23-4b89-afa9-5b75f71049b6.dmp: The system cannot find the path specified. (0x3)
[0827/085621.274:ERROR:crash_report_exception_handler.cc(97)] PrepareNewCrashReport failed
[0827/094053.789:ERROR:file_io_win.cc(161)] CreateFile C:\Users\Hp\AppData\Local\Temp\puppeteer_dev_chrome_profile-LgXdaz\Crashpad\settings.dat: The system cannot find the path specified. (0x3)
[0827/094053.789:ERROR:file_io_win.cc(170)] CreateFile C:\Users\Hp\AppData\Local\Temp\puppeteer_dev_chrome_profile-LgXdaz\Crashpad\reports\89e137d8-3d3b-4d65-b186-96fee2b612da.dmp: The system cannot find the path specified. (0x3)
[0827/094053.789:ERROR:crash_report_exception_handler.cc(97)] PrepareNewCrashReport failed
[0827/101511.892:ERROR:process_reader_win.cc(151)] SuspendThread: Access is denied. (0x5)
[0827/101511.901:ERROR:file_io_win.cc(161)] CreateFile C:\Users\Hp\AppData\Local\Temp\puppeteer_dev_chrome_profile-SdEcNY\Crashpad\settings.dat: The system cannot find the path specified. (0x3)
[0827/101511.902:ERROR:file_io_win.cc(170)] CreateFile C:\Users\Hp\AppData\Local\Temp\puppeteer_dev_chrome_profile-SdEcNY\Crashpad\reports\793df6a0-3723-4721-96d5-851821d9de24.dmp: The system cannot find the path specified. (0x3)
[0827/101511.902:ERROR:crash_report_exception_handler.cc(97)] PrepareNewCrashReport failed
[0827/101920.709:ERROR:file_io_win.cc(161)] CreateFile C:\Users\Hp\AppData\Local\Temp\puppeteer_dev_chrome_profile-UGJJGn\Crashpad\settings.dat: The system cannot find the path specified. (0x3)
[0827/101920.712:ERROR:file_io_win.cc(170)] CreateFile C:\Users\Hp\AppData\Local\Temp\puppeteer_dev_chrome_profile-UGJJGn\Crashpad\reports\9635612f-b6b8-41eb-9aff-67efe07212e5.dmp: The system cannot find the path specified. (0x3)
[0827/101920.712:ERROR:crash_report_exception_handler.cc(97)] PrepareNewCrashReport failed
[0827/110012.524:ERROR:file_io_win.cc(161)] CreateFile C:\Users\Hp\AppData\Local\Temp\puppeteer_dev_chrome_profile-mRNoeJ\Crashpad\settings.dat: The system cannot find the path specified. (0x3)
[0827/110012.524:ERROR:file_io_win.cc(170)] CreateFile C:\Users\Hp\AppData\Local\Temp\puppeteer_dev_chrome_profile-mRNoeJ\Crashpad\reports\fa93b153-6229-4fcb-90aa-4e5ae9a3861a.dmp: The system cannot find the path specified. (0x3)
[0827/110012.524:ERROR:crash_report_exception_handler.cc(97)] PrepareNewCrashReport failed
[0827/110411.612:ERROR:process_reader_win.cc(151)] SuspendThread: Access is denied. (0x5)
[0827/110411.620:ERROR:file_io_win.cc(161)] CreateFile C:\Users\Hp\AppData\Local\Temp\puppeteer_dev_chrome_profile-JX4fgT\Crashpad\settings.dat: The system cannot find the path specified. (0x3)
[0827/110411.620:ERROR:file_io_win.cc(170)] CreateFile C:\Users\Hp\AppData\Local\Temp\puppeteer_dev_chrome_profile-JX4fgT\Crashpad\reports\a17ba900-c1c7-4a16-944e-481e415762ff.dmp: The system cannot find the path specified. (0x3)
[0827/110411.620:ERROR:crash_report_exception_handler.cc(97)] PrepareNewCrashReport failed
[0827/114916.029:ERROR:file_io_win.cc(161)] CreateFile C:\Users\Hp\AppData\Local\Temp\puppeteer_dev_chrome_profile-3nBtje\Crashpad\settings.dat: The system cannot find the path specified. (0x3)
[0827/114916.030:ERROR:file_io_win.cc(170)] CreateFile C:\Users\Hp\AppData\Local\Temp\puppeteer_dev_chrome_profile-3nBtje\Crashpad\reports\de3cf812-4854-48f1-8c25-7459587b00d0.dmp: The system cannot find the path specified. (0x3)
[0827/114916.030:ERROR:crash_report_exception_handler.cc(97)] PrepareNewCrashReport failed
[0827/132415.484:ERROR:process_reader_win.cc(151)] SuspendThread: Access is denied. (0x5)
[0827/132415.494:ERROR:file_io_win.cc(161)] CreateFile C:\Users\Hp\AppData\Local\Temp\puppeteer_dev_chrome_profile-GohZUs\Crashpad\settings.dat: The system cannot find the path specified. (0x3)
[0827/132415.494:ERROR:file_io_win.cc(170)] CreateFile C:\Users\Hp\AppData\Local\Temp\puppeteer_dev_chrome_profile-GohZUs\Crashpad\reports\e0020a25-ef56-4beb-9a38-04989d6306e9.dmp: The system cannot find the path specified. (0x3)
[0827/132415.494:ERROR:crash_report_exception_handler.cc(97)] PrepareNewCrashReport failed
[0827/134013.324:ERROR:file_io_win.cc(161)] CreateFile C:\Users\Hp\AppData\Local\Temp\puppeteer_dev_chrome_profile-y6whRr\Crashpad\settings.dat: The system cannot find the path specified. (0x3)
[0827/134013.325:ERROR:file_io_win.cc(170)] CreateFile C:\Users\Hp\AppData\Local\Temp\puppeteer_dev_chrome_profile-y6whRr\Crashpad\reports\bf83e545-6aa9-49e4-96f2-15f009d4ef17.dmp: The system cannot find the path specified. (0x3)
[0827/134013.325:ERROR:crash_report_exception_handler.cc(97)] PrepareNewCrashReport failed
[0827/150855.175:ERROR:file_io_win.cc(161)] CreateFile C:\Users\Hp\AppData\Local\Temp\puppeteer_dev_chrome_profile-o1CKka\Crashpad\settings.dat: The system cannot find the path specified. (0x3)
[0827/150855.176:ERROR:file_io_win.cc(170)] CreateFile C:\Users\Hp\AppData\Local\Temp\puppeteer_dev_chrome_profile-o1CKka\Crashpad\reports\c598515f-4f1b-4920-8da5-a9c078b3b22f.dmp: The system cannot find the path specified. (0x3)
[0827/150855.176:ERROR:crash_report_exception_handler.cc(97)] PrepareNewCrashReport failed
[0827/153412.174:ERROR:process_reader_win.cc(151)] SuspendThread: Access is denied. (0x5)
[0827/153412.182:ERROR:file_io_win.cc(161)] CreateFile C:\Users\Hp\AppData\Local\Temp\puppeteer_dev_chrome_profile-1PXH2p\Crashpad\settings.dat: The system cannot find the path specified. (0x3)
[0827/153412.182:ERROR:file_io_win.cc(170)] CreateFile C:\Users\Hp\AppData\Local\Temp\puppeteer_dev_chrome_profile-1PXH2p\Crashpad\reports\62f2ffc5-0610-49db-bce0-d955f8fa4885.dmp: The system cannot find the path specified. (0x3)
[0827/153412.182:ERROR:crash_report_exception_handler.cc(97)] PrepareNewCrashReport failed
[0827/153824.189:ERROR:file_io_win.cc(161)] CreateFile C:\Users\Hp\AppData\Local\Temp\puppeteer_dev_chrome_profile-edsnHe\Crashpad\settings.dat: The system cannot find the path specified. (0x3)
[0827/153824.189:ERROR:file_io_win.cc(170)] CreateFile C:\Users\Hp\AppData\Local\Temp\puppeteer_dev_chrome_profile-edsnHe\Crashpad\reports\e70cddec-d72a-42e3-a8ef-850b8464bdf0.dmp: The system cannot find the path specified. (0x3)
[0827/153824.189:ERROR:crash_report_exception_handler.cc(97)] PrepareNewCrashReport failed
[0828/091953.924:ERROR:file_io_win.cc(161)] CreateFile C:\Users\Hp\AppData\Local\Temp\puppeteer_dev_chrome_profile-eLLsht\Crashpad\settings.dat: The system cannot find the path specified. (0x3)
[0828/091953.925:ERROR:file_io_win.cc(170)] CreateFile C:\Users\Hp\AppData\Local\Temp\puppeteer_dev_chrome_profile-eLLsht\Crashpad\reports\f56bbde5-daef-46cf-8773-73974bec4e5f.dmp: The system cannot find the path specified. (0x3)
[0828/091953.925:ERROR:crash_report_exception_handler.cc(97)] PrepareNewCrashReport failed
[0828/092117.561:ERROR:file_io_win.cc(161)] CreateFile C:\Users\Hp\AppData\Local\Temp\puppeteer_dev_chrome_profile-CWZm4t\Crashpad\settings.dat: The system cannot find the path specified. (0x3)
[0828/092117.561:ERROR:file_io_win.cc(170)] CreateFile C:\Users\Hp\AppData\Local\Temp\puppeteer_dev_chrome_profile-CWZm4t\Crashpad\reports\ed71f52b-c06f-407b-bb49-d9453a3e1ccb.dmp: The system cannot find the path specified. (0x3)
[0828/092117.561:ERROR:crash_report_exception_handler.cc(97)] PrepareNewCrashReport failed
[0828/094444.107:ERROR:file_io_win.cc(161)] CreateFile C:\Users\Hp\AppData\Local\Temp\puppeteer_dev_chrome_profile-ddVyYi\Crashpad\settings.dat: The system cannot find the path specified. (0x3)
[0828/094444.113:ERROR:file_io_win.cc(170)] CreateFile C:\Users\Hp\AppData\Local\Temp\puppeteer_dev_chrome_profile-ddVyYi\Crashpad\reports\4dc4b2f0-a3d7-4023-a2f6-8cb155a0c381.dmp: The system cannot find the path specified. (0x3)
[0828/094444.113:ERROR:crash_report_exception_handler.cc(97)] PrepareNewCrashReport failed
[0924/113127.572:ERROR:file_io_win.cc(162)] CreateFile C:\Users\Hp\AppData\Local\Temp\puppeteer_dev_chrome_profile-JbvLa3\Crashpad\settings.dat: The system cannot find the path specified. (0x3)
[0924/113127.574:ERROR:file_io_win.cc(171)] CreateFile C:\Users\Hp\AppData\Local\Temp\puppeteer_dev_chrome_profile-JbvLa3\Crashpad\reports\a74cdc67-74a6-4be6-a12f-b077b173f485.dmp: The system cannot find the path specified. (0x3)
[0924/113127.574:ERROR:crash_report_exception_handler.cc(97)] PrepareNewCrashReport failed
[0924/125611.313:ERROR:file_io_win.cc(162)] CreateFile C:\Users\Hp\AppData\Local\Temp\puppeteer_dev_chrome_profile-hPi5Vl\Crashpad\settings.dat: The system cannot find the path specified. (0x3)
[0924/125611.313:ERROR:file_io_win.cc(171)] CreateFile C:\Users\Hp\AppData\Local\Temp\puppeteer_dev_chrome_profile-hPi5Vl\Crashpad\reports\ac997fff-354a-4f50-bc10-8f077c939630.dmp: The system cannot find the path specified. (0x3)
[0924/125611.313:ERROR:crash_report_exception_handler.cc(97)] PrepareNewCrashReport failed
[0924/132305.380:ERROR:file_io_win.cc(162)] CreateFile C:\Users\Hp\AppData\Local\Temp\puppeteer_dev_chrome_profile-DtTBby\Crashpad\settings.dat: The system cannot find the path specified. (0x3)
[0924/132305.381:ERROR:file_io_win.cc(171)] CreateFile C:\Users\Hp\AppData\Local\Temp\puppeteer_dev_chrome_profile-DtTBby\Crashpad\reports\f89d1fff-cac6-4dae-99ed-4dea0fc4381c.dmp: The system cannot find the path specified. (0x3)
[0924/132305.381:ERROR:crash_report_exception_handler.cc(97)] PrepareNewCrashReport failed
[0924/134335.588:ERROR:file_io_win.cc(162)] CreateFile C:\Users\Hp\AppData\Local\Temp\puppeteer_dev_chrome_profile-S1L7Tb\Crashpad\settings.dat: The system cannot find the path specified. (0x3)
[0924/134335.589:ERROR:file_io_win.cc(171)] CreateFile C:\Users\Hp\AppData\Local\Temp\puppeteer_dev_chrome_profile-S1L7Tb\Crashpad\reports\3fd9df36-e137-483e-8f37-22702c66194a.dmp: The system cannot find the path specified. (0x3)
[0924/134335.589:ERROR:crash_report_exception_handler.cc(97)] PrepareNewCrashReport failed
[0924/141306.737:ERROR:file_io_win.cc(162)] CreateFile C:\Users\Hp\AppData\Local\Temp\puppeteer_dev_chrome_profile-87ZwPg\Crashpad\settings.dat: The system cannot find the path specified. (0x3)
[0924/141306.737:ERROR:file_io_win.cc(171)] CreateFile C:\Users\Hp\AppData\Local\Temp\puppeteer_dev_chrome_profile-87ZwPg\Crashpad\reports\a9fb9430-5791-43d6-ac9c-f48a770a0077.dmp: The system cannot find the path specified. (0x3)
[0924/141306.737:ERROR:crash_report_exception_handler.cc(97)] PrepareNewCrashReport failed
[0924/155700.739:ERROR:file_io_win.cc(162)] CreateFile C:\Users\Hp\AppData\Local\Temp\puppeteer_dev_chrome_profile-sRQCCX\Crashpad\settings.dat: The system cannot find the path specified. (0x3)
[0924/155700.740:ERROR:file_io_win.cc(171)] CreateFile C:\Users\Hp\AppData\Local\Temp\puppeteer_dev_chrome_profile-sRQCCX\Crashpad\reports\c2eb9035-bbfd-4a99-8553-57b7d2a936a5.dmp: The system cannot find the path specified. (0x3)
[0924/155700.740:ERROR:crash_report_exception_handler.cc(97)] PrepareNewCrashReport failed
